2019-01-20 08:46:19,185 - Log4JLogChute initialized using file 'velocity.log'
2019-01-20 08:46:19,185 - Initializing Velocity, Calling init()...
2019-01-20 08:46:19,185 - Starting Apache Velocity v1.7 (compiled: 2010-11-19 12:14:37)
2019-01-20 08:46:19,185 - Default Properties File: org\apache\velocity\runtime\defaults\velocity.properties
2019-01-20 08:46:19,185 - Trying to use logger class org.apache.velocity.runtime.log.AvalonLogChute
2019-01-20 08:46:19,185 - Target log system for org.apache.velocity.runtime.log.AvalonLogChute is not available (java.lang.NoClassDefFoundError: org/apache/log/format/Formatter).  Falling back to next log system...
2019-01-20 08:46:19,185 - Trying to use logger class org.apache.velocity.runtime.log.Log4JLogChute
2019-01-20 08:46:19,185 - Using logger class org.apache.velocity.runtime.log.Log4JLogChute
2019-01-20 08:46:19,188 - ResourceLoader instantiated: org.apache.velocity.runtime.resource.loader.ClasspathResourceLoader
2019-01-20 08:46:19,196 - ResourceCache: initialized (class org.apache.velocity.runtime.resource.ResourceCacheImpl) with class java.util.Collections$SynchronizedMap cache map.
2019-01-20 08:46:19,196 - Loaded System Directive: org.apache.velocity.runtime.directive.Stop
2019-01-20 08:46:19,197 - Loaded System Directive: org.apache.velocity.runtime.directive.Define
2019-01-20 08:46:19,197 - Loaded System Directive: org.apache.velocity.runtime.directive.Break
2019-01-20 08:46:19,198 - Loaded System Directive: org.apache.velocity.runtime.directive.Evaluate
2019-01-20 08:46:19,198 - Loaded System Directive: org.apache.velocity.runtime.directive.Literal
2019-01-20 08:46:19,199 - Loaded System Directive: org.apache.velocity.runtime.directive.Macro
2019-01-20 08:46:19,200 - Loaded System Directive: org.apache.velocity.runtime.directive.Parse
2019-01-20 08:46:19,201 - Loaded System Directive: org.apache.velocity.runtime.directive.Include
2019-01-20 08:46:19,203 - Loaded System Directive: org.apache.velocity.runtime.directive.Foreach
2019-01-20 08:46:19,228 - Created '20' parsers.
2019-01-20 08:46:19,231 - Velocimacro : "velocimacro.library" is not set.  Trying default library: VM_global_library.vm
2019-01-20 08:46:19,232 - Could not load resource 'VM_global_library.vm' from ResourceLoader org.apache.velocity.runtime.resource.loader.ClasspathResourceLoader: ClasspathResourceLoader Error: cannot find resource VM_global_library.vm
2019-01-20 08:46:19,232 - Velocimacro : Default library not found.
2019-01-20 08:46:19,232 - Velocimacro : allowInline = true : VMs can be defined inline in templates
2019-01-20 08:46:19,232 - Velocimacro : allowInlineToOverride = false : VMs defined inline may NOT replace previous VM definitions
2019-01-20 08:46:19,232 - Velocimacro : allowInlineLocal = false : VMs defined inline will be global in scope if allowed.
2019-01-20 08:46:19,232 - Velocimacro : autoload off : VM system will not automatically reload global library macros
2019-01-20 08:46:19,253 - ResourceManager : found /templates/entity.java.vm with loader org.apache.velocity.runtime.resource.loader.ClasspathResourceLoader
2019-01-20 08:46:19,263 - Left side (${versionFieldName}) of '==' operation has null value. If it is a reference, it may not be in the context or its toString() returned null. /templates/entity.java.vm[line 84, column 26]
2019-01-20 08:46:19,263 - Left side (${logicDeleteFieldName}) of '==' operation has null value. If it is a reference, it may not be in the context or its toString() returned null. /templates/entity.java.vm[line 88, column 30]
2019-01-20 08:46:19,263 - Left side (${versionFieldName}) of '==' operation has null value. If it is a reference, it may not be in the context or its toString() returned null. /templates/entity.java.vm[line 84, column 26]
2019-01-20 08:46:19,263 - Left side (${logicDeleteFieldName}) of '==' operation has null value. If it is a reference, it may not be in the context or its toString() returned null. /templates/entity.java.vm[line 88, column 30]
2019-01-20 08:46:19,263 - Left side (${versionFieldName}) of '==' operation has null value. If it is a reference, it may not be in the context or its toString() returned null. /templates/entity.java.vm[line 84, column 26]
2019-01-20 08:46:19,263 - Left side (${logicDeleteFieldName}) of '==' operation has null value. If it is a reference, it may not be in the context or its toString() returned null. /templates/entity.java.vm[line 88, column 30]
2019-01-20 08:46:19,263 - Left side (${versionFieldName}) of '==' operation has null value. If it is a reference, it may not be in the context or its toString() returned null. /templates/entity.java.vm[line 84, column 26]
2019-01-20 08:46:19,263 - Left side (${logicDeleteFieldName}) of '==' operation has null value. If it is a reference, it may not be in the context or its toString() returned null. /templates/entity.java.vm[line 88, column 30]
2019-01-20 08:46:19,263 - Left side (${versionFieldName}) of '==' operation has null value. If it is a reference, it may not be in the context or its toString() returned null. /templates/entity.java.vm[line 84, column 26]
2019-01-20 08:46:19,263 - Left side (${logicDeleteFieldName}) of '==' operation has null value. If it is a reference, it may not be in the context or its toString() returned null. /templates/entity.java.vm[line 88, column 30]
2019-01-20 08:46:19,263 - Left side (${versionFieldName}) of '==' operation has null value. If it is a reference, it may not be in the context or its toString() returned null. /templates/entity.java.vm[line 84, column 26]
2019-01-20 08:46:19,263 - Left side (${logicDeleteFieldName}) of '==' operation has null value. If it is a reference, it may not be in the context or its toString() returned null. /templates/entity.java.vm[line 88, column 30]
2019-01-20 08:46:19,265 - ResourceManager : found /templates/mapper.java.vm with loader org.apache.velocity.runtime.resource.loader.ClasspathResourceLoader
2019-01-20 08:46:19,268 - ResourceManager : found /templates/mapper.xml.vm with loader org.apache.velocity.runtime.resource.loader.ClasspathResourceLoader
2019-01-20 08:46:19,276 - ResourceManager : found /templates/service.java.vm with loader org.apache.velocity.runtime.resource.loader.ClasspathResourceLoader
2019-01-20 08:46:19,279 - ResourceManager : found /templates/serviceImpl.java.vm with loader org.apache.velocity.runtime.resource.loader.ClasspathResourceLoader
2019-01-20 08:46:19,281 - ResourceManager : found /templates/controller.java.vm with loader org.apache.velocity.runtime.resource.loader.ClasspathResourceLoader
2019-01-20 09:05:59,683 - Log4JLogChute initialized using file 'velocity.log'
2019-01-20 09:05:59,683 - Initializing Velocity, Calling init()...
2019-01-20 09:05:59,684 - Starting Apache Velocity v1.7 (compiled: 2010-11-19 12:14:37)
2019-01-20 09:05:59,684 - Default Properties File: org\apache\velocity\runtime\defaults\velocity.properties
2019-01-20 09:05:59,684 - Trying to use logger class org.apache.velocity.runtime.log.AvalonLogChute
2019-01-20 09:05:59,684 - Target log system for org.apache.velocity.runtime.log.AvalonLogChute is not available (java.lang.NoClassDefFoundError: org/apache/log/format/Formatter).  Falling back to next log system...
2019-01-20 09:05:59,684 - Trying to use logger class org.apache.velocity.runtime.log.Log4JLogChute
2019-01-20 09:05:59,684 - Using logger class org.apache.velocity.runtime.log.Log4JLogChute
2019-01-20 09:05:59,686 - ResourceLoader instantiated: org.apache.velocity.runtime.resource.loader.ClasspathResourceLoader
2019-01-20 09:05:59,696 - ResourceCache: initialized (class org.apache.velocity.runtime.resource.ResourceCacheImpl) with class java.util.Collections$SynchronizedMap cache map.
2019-01-20 09:05:59,696 - Loaded System Directive: org.apache.velocity.runtime.directive.Stop
2019-01-20 09:05:59,697 - Loaded System Directive: org.apache.velocity.runtime.directive.Define
2019-01-20 09:05:59,698 - Loaded System Directive: org.apache.velocity.runtime.directive.Break
2019-01-20 09:05:59,698 - Loaded System Directive: org.apache.velocity.runtime.directive.Evaluate
2019-01-20 09:05:59,698 - Loaded System Directive: org.apache.velocity.runtime.directive.Literal
2019-01-20 09:05:59,699 - Loaded System Directive: org.apache.velocity.runtime.directive.Macro
2019-01-20 09:05:59,700 - Loaded System Directive: org.apache.velocity.runtime.directive.Parse
2019-01-20 09:05:59,700 - Loaded System Directive: org.apache.velocity.runtime.directive.Include
2019-01-20 09:05:59,701 - Loaded System Directive: org.apache.velocity.runtime.directive.Foreach
2019-01-20 09:05:59,723 - Created '20' parsers.
2019-01-20 09:05:59,727 - Velocimacro : "velocimacro.library" is not set.  Trying default library: VM_global_library.vm
2019-01-20 09:05:59,727 - Could not load resource 'VM_global_library.vm' from ResourceLoader org.apache.velocity.runtime.resource.loader.ClasspathResourceLoader: ClasspathResourceLoader Error: cannot find resource VM_global_library.vm
2019-01-20 09:05:59,727 - Velocimacro : Default library not found.
2019-01-20 09:05:59,727 - Velocimacro : allowInline = true : VMs can be defined inline in templates
2019-01-20 09:05:59,727 - Velocimacro : allowInlineToOverride = false : VMs defined inline may NOT replace previous VM definitions
2019-01-20 09:05:59,727 - Velocimacro : allowInlineLocal = false : VMs defined inline will be global in scope if allowed.
2019-01-20 09:05:59,727 - Velocimacro : autoload off : VM system will not automatically reload global library macros
2019-01-20 09:05:59,744 - ResourceManager : found /templates/entity.java.vm with loader org.apache.velocity.runtime.resource.loader.ClasspathResourceLoader
2019-01-20 09:05:59,752 - Left side (${versionFieldName}) of '==' operation has null value. If it is a reference, it may not be in the context or its toString() returned null. /templates/entity.java.vm[line 84, column 26]
2019-01-20 09:05:59,752 - Left side (${logicDeleteFieldName}) of '==' operation has null value. If it is a reference, it may not be in the context or its toString() returned null. /templates/entity.java.vm[line 88, column 30]
2019-01-20 09:05:59,753 - Left side (${versionFieldName}) of '==' operation has null value. If it is a reference, it may not be in the context or its toString() returned null. /templates/entity.java.vm[line 84, column 26]
2019-01-20 09:05:59,753 - Left side (${logicDeleteFieldName}) of '==' operation has null value. If it is a reference, it may not be in the context or its toString() returned null. /templates/entity.java.vm[line 88, column 30]
2019-01-20 09:05:59,753 - Left side (${versionFieldName}) of '==' operation has null value. If it is a reference, it may not be in the context or its toString() returned null. /templates/entity.java.vm[line 84, column 26]
2019-01-20 09:05:59,753 - Left side (${logicDeleteFieldName}) of '==' operation has null value. If it is a reference, it may not be in the context or its toString() returned null. /templates/entity.java.vm[line 88, column 30]
2019-01-20 09:05:59,753 - Left side (${versionFieldName}) of '==' operation has null value. If it is a reference, it may not be in the context or its toString() returned null. /templates/entity.java.vm[line 84, column 26]
2019-01-20 09:05:59,753 - Left side (${logicDeleteFieldName}) of '==' operation has null value. If it is a reference, it may not be in the context or its toString() returned null. /templates/entity.java.vm[line 88, column 30]
2019-01-20 09:05:59,753 - Left side (${versionFieldName}) of '==' operation has null value. If it is a reference, it may not be in the context or its toString() returned null. /templates/entity.java.vm[line 84, column 26]
2019-01-20 09:05:59,753 - Left side (${logicDeleteFieldName}) of '==' operation has null value. If it is a reference, it may not be in the context or its toString() returned null. /templates/entity.java.vm[line 88, column 30]
2019-01-20 09:05:59,753 - Left side (${versionFieldName}) of '==' operation has null value. If it is a reference, it may not be in the context or its toString() returned null. /templates/entity.java.vm[line 84, column 26]
2019-01-20 09:05:59,753 - Left side (${logicDeleteFieldName}) of '==' operation has null value. If it is a reference, it may not be in the context or its toString() returned null. /templates/entity.java.vm[line 88, column 30]
2019-01-20 09:05:59,756 - ResourceManager : found /templates/mapper.java.vm with loader org.apache.velocity.runtime.resource.loader.ClasspathResourceLoader
2019-01-20 09:05:59,759 - ResourceManager : found /templates/mapper.xml.vm with loader org.apache.velocity.runtime.resource.loader.ClasspathResourceLoader
2019-01-20 09:05:59,767 - ResourceManager : found /templates/service.java.vm with loader org.apache.velocity.runtime.resource.loader.ClasspathResourceLoader
2019-01-20 09:05:59,768 - ResourceManager : found /templates/serviceImpl.java.vm with loader org.apache.velocity.runtime.resource.loader.ClasspathResourceLoader
2019-01-20 09:05:59,770 - ResourceManager : found /templates/controller.java.vm with loader org.apache.velocity.runtime.resource.loader.ClasspathResourceLoader
